<?xml version="1.0" encoding="UTF-8"?>
<testsuite xmlns:xsi="http://www.w3.org/2001/XMLSchema-instance" xsi:noNamespaceSchemaLocation="https://maven.apache.org/surefire/maven-surefire-plugin/xsd/surefire-test-report.xsd" name="com.proyecto.springboot.app.config.SpringbootServicioConfigServerApplicationTests" time="2.767" tests="1" errors="0" skipped="0" failures="0">
  <properties>
    <property name="awt.toolkit" value="sun.awt.X11.XToolkit"/>
    <property name="file.encoding.pkg" value="sun.io"/>
    <property name="java.specification.version" value="1.8"/>
    <property name="sun.cpu.isalist" value=""/>
    <property name="sun.jnu.encoding" value="UTF-8"/>
    <property name="java.class.path" value="/home/mfgutierrez/Documents/SpringAPP/springboot-servicio-config-server/target/test-classes:/home/mfgutierrez/Documents/SpringAPP/springboot-servicio-config-server/target/classes:/home/mfgutierrez/.m2/repository/org/springframework/cloud/spring-cloud-config-server/2.2.1.RELEASE/spring-cloud-config-server-2.2.1.RELEASE.jar:/home/mfgutierrez/.m2/repository/org/springframework/cloud/spring-cloud-config-client/2.2.1.RELEASE/spring-cloud-config-client-2.2.1.RELEASE.jar:/home/mfgutierrez/.m2/repository/org/springframework/cloud/spring-cloud-commons/2.2.1.RELEASE/spring-cloud-commons-2.2.1.RELEASE.jar:/home/mfgutierrez/.m2/repository/org/springframework/cloud/spring-cloud-context/2.2.1.RELEASE/spring-cloud-context-2.2.1.RELEASE.jar:/home/mfgutierrez/.m2/repository/org/springframework/spring-web/5.2.3.RELEASE/spring-web-5.2.3.RELEASE.jar:/home/mfgutierrez/.m2/repository/org/springframework/spring-beans/5.2.3.RELEASE/spring-beans-5.2.3.RELEASE.jar:/home/mfgutierrez/.m2/repository/com/fasterxml/jackson/core/jackson-annotations/2.10.2/jackson-annotations-2.10.2.jar:/home/mfgutierrez/.m2/repository/com/fasterxml/jackson/core/jackson-databind/2.10.2/jackson-databind-2.10.2.jar:/home/mfgutierrez/.m2/repository/org/springframework/boot/spring-boot-starter-actuator/2.2.3.RELEASE/spring-boot-starter-actuator-2.2.3.RELEASE.jar:/home/mfgutierrez/.m2/repository/org/springframework/boot/spring-boot-actuator-autoconfigure/2.2.3.RELEASE/spring-boot-actuator-autoconfigure-2.2.3.RELEASE.jar:/home/mfgutierrez/.m2/repository/org/springframework/boot/spring-boot-actuator/2.2.3.RELEASE/spring-boot-actuator-2.2.3.RELEASE.jar:/home/mfgutierrez/.m2/repository/com/fasterxml/jackson/datatype/jackson-datatype-jsr310/2.10.2/jackson-datatype-jsr310-2.10.2.jar:/home/mfgutierrez/.m2/repository/io/micrometer/micrometer-core/1.3.2/micrometer-core-1.3.2.jar:/home/mfgutierrez/.m2/repository/org/hdrhistogram/HdrHistogram/2.1.11/HdrHistogram-2.1.11.jar:/home/mfgutierrez/.m2/repository/org/latencyutils/LatencyUtils/2.0.3/LatencyUtils-2.0.3.jar:/home/mfgutierrez/.m2/repository/org/springframework/boot/spring-boot-starter-web/2.2.3.RELEASE/spring-boot-starter-web-2.2.3.RELEASE.jar:/home/mfgutierrez/.m2/repository/org/springframework/boot/spring-boot-starter-json/2.2.3.RELEASE/spring-boot-starter-json-2.2.3.RELEASE.jar:/home/mfgutierrez/.m2/repository/com/fasterxml/jackson/datatype/jackson-datatype-jdk8/2.10.2/jackson-datatype-jdk8-2.10.2.jar:/home/mfgutierrez/.m2/repository/com/fasterxml/jackson/module/jackson-module-parameter-names/2.10.2/jackson-module-parameter-names-2.10.2.jar:/home/mfgutierrez/.m2/repository/org/springframework/boot/spring-boot-starter-tomcat/2.2.3.RELEASE/spring-boot-starter-tomcat-2.2.3.RELEASE.jar:/home/mfgutierrez/.m2/repository/org/apache/tomcat/embed/tomcat-embed-core/9.0.30/tomcat-embed-core-9.0.30.jar:/home/mfgutierrez/.m2/repository/org/apache/tomcat/embed/tomcat-embed-el/9.0.30/tomcat-embed-el-9.0.30.jar:/home/mfgutierrez/.m2/repository/org/apache/tomcat/embed/tomcat-embed-websocket/9.0.30/tomcat-embed-websocket-9.0.30.jar:/home/mfgutierrez/.m2/repository/org/springframework/boot/spring-boot-starter-validation/2.2.3.RELEASE/spring-boot-starter-validation-2.2.3.RELEASE.jar:/home/mfgutierrez/.m2/repository/jakarta/validation/jakarta.validation-api/2.0.2/jakarta.validation-api-2.0.2.jar:/home/mfgutierrez/.m2/repository/org/hibernate/validator/hibernate-validator/6.0.18.Final/hibernate-validator-6.0.18.Final.jar:/home/mfgutierrez/.m2/repository/org/jboss/logging/jboss-logging/3.4.1.Final/jboss-logging-3.4.1.Final.jar:/home/mfgutierrez/.m2/repository/com/fasterxml/classmate/1.5.1/classmate-1.5.1.jar:/home/mfgutierrez/.m2/repository/org/springframework/spring-webmvc/5.2.3.RELEASE/spring-webmvc-5.2.3.RELEASE.jar:/home/mfgutierrez/.m2/repository/org/springframework/spring-aop/5.2.3.RELEASE/spring-aop-5.2.3.RELEASE.jar:/home/mfgutierrez/.m2/repository/org/springframework/spring-expression/5.2.3.RELEASE/spring-expression-5.2.3.RELEASE.jar:/home/mfgutierrez/.m2/repository/org/springframework/security/spring-security-crypto/5.2.1.RELEASE/spring-security-crypto-5.2.1.RELEASE.jar:/home/mfgutierrez/.m2/repository/org/springframework/security/spring-security-rsa/1.0.9.RELEASE/spring-security-rsa-1.0.9.RELEASE.jar:/home/mfgutierrez/.m2/repository/org/bouncycastle/bcpkix-jdk15on/1.64/bcpkix-jdk15on-1.64.jar:/home/mfgutierrez/.m2/repository/org/bouncycastle/bcprov-jdk15on/1.64/bcprov-jdk15on-1.64.jar:/home/mfgutierrez/.m2/repository/org/eclipse/jgit/org.eclipse.jgit/5.1.3.201810200350-r/org.eclipse.jgit-5.1.3.201810200350-r.jar:/home/mfgutierrez/.m2/repository/com/jcraft/jsch/0.1.54/jsch-0.1.54.jar:/home/mfgutierrez/.m2/repository/com/jcraft/jzlib/1.1.1/jzlib-1.1.1.jar:/home/mfgutierrez/.m2/repository/com/googlecode/javaewah/JavaEWAH/1.1.6/JavaEWAH-1.1.6.jar:/home/mfgutierrez/.m2/repository/org/slf4j/slf4j-api/1.7.30/slf4j-api-1.7.30.jar:/home/mfgutierrez/.m2/repository/org/eclipse/jgit/org.eclipse.jgit.http.apache/5.1.3.201810200350-r/org.eclipse.jgit.http.apache-5.1.3.201810200350-r.jar:/home/mfgutierrez/.m2/repository/org/apache/httpcomponents/httpclient/4.5.10/httpclient-4.5.10.jar:/home/mfgutierrez/.m2/repository/commons-codec/commons-codec/1.13/commons-codec-1.13.jar:/home/mfgutierrez/.m2/repository/org/apache/httpcomponents/httpcore/4.4.13/httpcore-4.4.13.jar:/home/mfgutierrez/.m2/repository/org/yaml/snakeyaml/1.25/snakeyaml-1.25.jar:/home/mfgutierrez/.m2/repository/com/fasterxml/jackson/dataformat/jackson-dataformat-yaml/2.10.2/jackson-dataformat-yaml-2.10.2.jar:/home/mfgutierrez/.m2/repository/com/fasterxml/jackson/core/jackson-core/2.10.2/jackson-core-2.10.2.jar:/home/mfgutierrez/.m2/repository/org/springframework/boot/spring-boot-devtools/2.2.3.RELEASE/spring-boot-devtools-2.2.3.RELEASE.jar:/home/mfgutierrez/.m2/repository/org/springframework/boot/spring-boot/2.2.3.RELEASE/spring-boot-2.2.3.RELEASE.jar:/home/mfgutierrez/.m2/repository/org/springframework/spring-context/5.2.3.RELEASE/spring-context-5.2.3.RELEASE.jar:/home/mfgutierrez/.m2/repository/org/springframework/boot/spring-boot-autoconfigure/2.2.3.RELEASE/spring-boot-autoconfigure-2.2.3.RELEASE.jar:/home/mfgutierrez/.m2/repository/org/springframework/boot/spring-boot-starter-test/2.2.3.RELEASE/spring-boot-starter-test-2.2.3.RELEASE.jar:/home/mfgutierrez/.m2/repository/org/springframework/boot/spring-boot-starter/2.2.3.RELEASE/spring-boot-starter-2.2.3.RELEASE.jar:/home/mfgutierrez/.m2/repository/org/springframework/boot/spring-boot-starter-logging/2.2.3.RELEASE/spring-boot-starter-logging-2.2.3.RELEASE.jar:/home/mfgutierrez/.m2/repository/ch/qos/logback/logback-classic/1.2.3/logback-classic-1.2.3.jar:/home/mfgutierrez/.m2/repository/ch/qos/logback/logback-core/1.2.3/logback-core-1.2.3.jar:/home/mfgutierrez/.m2/repository/org/apache/logging/log4j/log4j-to-slf4j/2.12.1/log4j-to-slf4j-2.12.1.jar:/home/mfgutierrez/.m2/repository/org/apache/logging/log4j/log4j-api/2.12.1/log4j-api-2.12.1.jar:/home/mfgutierrez/.m2/repository/org/slf4j/jul-to-slf4j/1.7.30/jul-to-slf4j-1.7.30.jar:/home/mfgutierrez/.m2/repository/jakarta/annotation/jakarta.annotation-api/1.3.5/jakarta.annotation-api-1.3.5.jar:/home/mfgutierrez/.m2/repository/org/springframework/boot/spring-boot-test/2.2.3.RELEASE/spring-boot-test-2.2.3.RELEASE.jar:/home/mfgutierrez/.m2/repository/org/springframework/boot/spring-boot-test-autoconfigure/2.2.3.RELEASE/spring-boot-test-autoconfigure-2.2.3.RELEASE.jar:/home/mfgutierrez/.m2/repository/com/jayway/jsonpath/json-path/2.4.0/json-path-2.4.0.jar:/home/mfgutierrez/.m2/repository/net/minidev/json-smart/2.3/json-smart-2.3.jar:/home/mfgutierrez/.m2/repository/net/minidev/accessors-smart/1.2/accessors-smart-1.2.jar:/home/mfgutierrez/.m2/repository/org/ow2/asm/asm/5.0.4/asm-5.0.4.jar:/home/mfgutierrez/.m2/repository/jakarta/xml/bind/jakarta.xml.bind-api/2.3.2/jakarta.xml.bind-api-2.3.2.jar:/home/mfgutierrez/.m2/repository/jakarta/activation/jakarta.activation-api/1.2.1/jakarta.activation-api-1.2.1.jar:/home/mfgutierrez/.m2/repository/org/junit/jupiter/junit-jupiter/5.5.2/junit-jupiter-5.5.2.jar:/home/mfgutierrez/.m2/repository/org/junit/jupiter/junit-jupiter-api/5.5.2/junit-jupiter-api-5.5.2.jar:/home/mfgutierrez/.m2/repository/org/apiguardian/apiguardian-api/1.1.0/apiguardian-api-1.1.0.jar:/home/mfgutierrez/.m2/repository/org/opentest4j/opentest4j/1.2.0/opentest4j-1.2.0.jar:/home/mfgutierrez/.m2/repository/org/junit/platform/junit-platform-commons/1.5.2/junit-platform-commons-1.5.2.jar:/home/mfgutierrez/.m2/repository/org/junit/jupiter/junit-jupiter-params/5.5.2/junit-jupiter-params-5.5.2.jar:/home/mfgutierrez/.m2/repository/org/junit/jupiter/junit-jupiter-engine/5.5.2/junit-jupiter-engine-5.5.2.jar:/home/mfgutierrez/.m2/repository/org/junit/platform/junit-platform-engine/1.5.2/junit-platform-engine-1.5.2.jar:/home/mfgutierrez/.m2/repository/org/mockito/mockito-junit-jupiter/3.1.0/mockito-junit-jupiter-3.1.0.jar:/home/mfgutierrez/.m2/repository/org/assertj/assertj-core/3.13.2/assertj-core-3.13.2.jar:/home/mfgutierrez/.m2/repository/org/hamcrest/hamcrest/2.1/hamcrest-2.1.jar:/home/mfgutierrez/.m2/repository/org/mockito/mockito-core/3.1.0/mockito-core-3.1.0.jar:/home/mfgutierrez/.m2/repository/net/bytebuddy/byte-buddy/1.10.6/byte-buddy-1.10.6.jar:/home/mfgutierrez/.m2/repository/net/bytebuddy/byte-buddy-agent/1.10.6/byte-buddy-agent-1.10.6.jar:/home/mfgutierrez/.m2/repository/org/objenesis/objenesis/2.6/objenesis-2.6.jar:/home/mfgutierrez/.m2/repository/org/skyscreamer/jsonassert/1.5.0/jsonassert-1.5.0.jar:/home/mfgutierrez/.m2/repository/com/vaadin/external/google/android-json/0.0.20131108.vaadin1/android-json-0.0.20131108.vaadin1.jar:/home/mfgutierrez/.m2/repository/org/springframework/spring-core/5.2.3.RELEASE/spring-core-5.2.3.RELEASE.jar:/home/mfgutierrez/.m2/repository/org/springframework/spring-jcl/5.2.3.RELEASE/spring-jcl-5.2.3.RELEASE.jar:/home/mfgutierrez/.m2/repository/org/springframework/spring-test/5.2.3.RELEASE/spring-test-5.2.3.RELEASE.jar:/home/mfgutierrez/.m2/repository/org/xmlunit/xmlunit-core/2.6.3/xmlunit-core-2.6.3.jar:"/>
    <property name="java.vm.vendor" value="Oracle Corporation"/>
    <property name="sun.arch.data.model" value="64"/>
    <property name="java.vendor.url" value="http://java.oracle.com/"/>
    <property name="user.timezone" value=""/>
    <property name="java.vm.specification.version" value="1.8"/>
    <property name="os.name" value="Linux"/>
    <property name="user.country" value="US"/>
    <property name="sun.java.launcher" value="SUN_STANDARD"/>
    <property name="sun.boot.library.path" value="/home/mfgutierrez/Desarrollo/Java/jdk1.8.0_221/jre/lib/amd64"/>
    <property name="sun.java.command" value="/home/mfgutierrez/Documents/SpringAPP/springboot-servicio-config-server/target/surefire/surefirebooter7520055899670911006.jar /home/mfgutierrez/Documents/SpringAPP/springboot-servicio-config-server/target/surefire 2020-01-20T15-27-58_651-jvmRun1 surefire2979607908049971488tmp surefire_02487914087922751024tmp"/>
    <property name="surefire.test.class.path" value="/home/mfgutierrez/Documents/SpringAPP/springboot-servicio-config-server/target/test-classes:/home/mfgutierrez/Documents/SpringAPP/springboot-servicio-config-server/target/classes:/home/mfgutierrez/.m2/repository/org/springframework/cloud/spring-cloud-config-server/2.2.1.RELEASE/spring-cloud-config-server-2.2.1.RELEASE.jar:/home/mfgutierrez/.m2/repository/org/springframework/cloud/spring-cloud-config-client/2.2.1.RELEASE/spring-cloud-config-client-2.2.1.RELEASE.jar:/home/mfgutierrez/.m2/repository/org/springframework/cloud/spring-cloud-commons/2.2.1.RELEASE/spring-cloud-commons-2.2.1.RELEASE.jar:/home/mfgutierrez/.m2/repository/org/springframework/cloud/spring-cloud-context/2.2.1.RELEASE/spring-cloud-context-2.2.1.RELEASE.jar:/home/mfgutierrez/.m2/repository/org/springframework/spring-web/5.2.3.RELEASE/spring-web-5.2.3.RELEASE.jar:/home/mfgutierrez/.m2/repository/org/springframework/spring-beans/5.2.3.RELEASE/spring-beans-5.2.3.RELEASE.jar:/home/mfgutierrez/.m2/repository/com/fasterxml/jackson/core/jackson-annotations/2.10.2/jackson-annotations-2.10.2.jar:/home/mfgutierrez/.m2/repository/com/fasterxml/jackson/core/jackson-databind/2.10.2/jackson-databind-2.10.2.jar:/home/mfgutierrez/.m2/repository/org/springframework/boot/spring-boot-starter-actuator/2.2.3.RELEASE/spring-boot-starter-actuator-2.2.3.RELEASE.jar:/home/mfgutierrez/.m2/repository/org/springframework/boot/spring-boot-actuator-autoconfigure/2.2.3.RELEASE/spring-boot-actuator-autoconfigure-2.2.3.RELEASE.jar:/home/mfgutierrez/.m2/repository/org/springframework/boot/spring-boot-actuator/2.2.3.RELEASE/spring-boot-actuator-2.2.3.RELEASE.jar:/home/mfgutierrez/.m2/repository/com/fasterxml/jackson/datatype/jackson-datatype-jsr310/2.10.2/jackson-datatype-jsr310-2.10.2.jar:/home/mfgutierrez/.m2/repository/io/micrometer/micrometer-core/1.3.2/micrometer-core-1.3.2.jar:/home/mfgutierrez/.m2/repository/org/hdrhistogram/HdrHistogram/2.1.11/HdrHistogram-2.1.11.jar:/home/mfgutierrez/.m2/repository/org/latencyutils/LatencyUtils/2.0.3/LatencyUtils-2.0.3.jar:/home/mfgutierrez/.m2/repository/org/springframework/boot/spring-boot-starter-web/2.2.3.RELEASE/spring-boot-starter-web-2.2.3.RELEASE.jar:/home/mfgutierrez/.m2/repository/org/springframework/boot/spring-boot-starter-json/2.2.3.RELEASE/spring-boot-starter-json-2.2.3.RELEASE.jar:/home/mfgutierrez/.m2/repository/com/fasterxml/jackson/datatype/jackson-datatype-jdk8/2.10.2/jackson-datatype-jdk8-2.10.2.jar:/home/mfgutierrez/.m2/repository/com/fasterxml/jackson/module/jackson-module-parameter-names/2.10.2/jackson-module-parameter-names-2.10.2.jar:/home/mfgutierrez/.m2/repository/org/springframework/boot/spring-boot-starter-tomcat/2.2.3.RELEASE/spring-boot-starter-tomcat-2.2.3.RELEASE.jar:/home/mfgutierrez/.m2/repository/org/apache/tomcat/embed/tomcat-embed-core/9.0.30/tomcat-embed-core-9.0.30.jar:/home/mfgutierrez/.m2/repository/org/apache/tomcat/embed/tomcat-embed-el/9.0.30/tomcat-embed-el-9.0.30.jar:/home/mfgutierrez/.m2/repository/org/apache/tomcat/embed/tomcat-embed-websocket/9.0.30/tomcat-embed-websocket-9.0.30.jar:/home/mfgutierrez/.m2/repository/org/springframework/boot/spring-boot-starter-validation/2.2.3.RELEASE/spring-boot-starter-validation-2.2.3.RELEASE.jar:/home/mfgutierrez/.m2/repository/jakarta/validation/jakarta.validation-api/2.0.2/jakarta.validation-api-2.0.2.jar:/home/mfgutierrez/.m2/repository/org/hibernate/validator/hibernate-validator/6.0.18.Final/hibernate-validator-6.0.18.Final.jar:/home/mfgutierrez/.m2/repository/org/jboss/logging/jboss-logging/3.4.1.Final/jboss-logging-3.4.1.Final.jar:/home/mfgutierrez/.m2/repository/com/fasterxml/classmate/1.5.1/classmate-1.5.1.jar:/home/mfgutierrez/.m2/repository/org/springframework/spring-webmvc/5.2.3.RELEASE/spring-webmvc-5.2.3.RELEASE.jar:/home/mfgutierrez/.m2/repository/org/springframework/spring-aop/5.2.3.RELEASE/spring-aop-5.2.3.RELEASE.jar:/home/mfgutierrez/.m2/repository/org/springframework/spring-expression/5.2.3.RELEASE/spring-expression-5.2.3.RELEASE.jar:/home/mfgutierrez/.m2/repository/org/springframework/security/spring-security-crypto/5.2.1.RELEASE/spring-security-crypto-5.2.1.RELEASE.jar:/home/mfgutierrez/.m2/repository/org/springframework/security/spring-security-rsa/1.0.9.RELEASE/spring-security-rsa-1.0.9.RELEASE.jar:/home/mfgutierrez/.m2/repository/org/bouncycastle/bcpkix-jdk15on/1.64/bcpkix-jdk15on-1.64.jar:/home/mfgutierrez/.m2/repository/org/bouncycastle/bcprov-jdk15on/1.64/bcprov-jdk15on-1.64.jar:/home/mfgutierrez/.m2/repository/org/eclipse/jgit/org.eclipse.jgit/5.1.3.201810200350-r/org.eclipse.jgit-5.1.3.201810200350-r.jar:/home/mfgutierrez/.m2/repository/com/jcraft/jsch/0.1.54/jsch-0.1.54.jar:/home/mfgutierrez/.m2/repository/com/jcraft/jzlib/1.1.1/jzlib-1.1.1.jar:/home/mfgutierrez/.m2/repository/com/googlecode/javaewah/JavaEWAH/1.1.6/JavaEWAH-1.1.6.jar:/home/mfgutierrez/.m2/repository/org/slf4j/slf4j-api/1.7.30/slf4j-api-1.7.30.jar:/home/mfgutierrez/.m2/repository/org/eclipse/jgit/org.eclipse.jgit.http.apache/5.1.3.201810200350-r/org.eclipse.jgit.http.apache-5.1.3.201810200350-r.jar:/home/mfgutierrez/.m2/repository/org/apache/httpcomponents/httpclient/4.5.10/httpclient-4.5.10.jar:/home/mfgutierrez/.m2/repository/commons-codec/commons-codec/1.13/commons-codec-1.13.jar:/home/mfgutierrez/.m2/repository/org/apache/httpcomponents/httpcore/4.4.13/httpcore-4.4.13.jar:/home/mfgutierrez/.m2/repository/org/yaml/snakeyaml/1.25/snakeyaml-1.25.jar:/home/mfgutierrez/.m2/repository/com/fasterxml/jackson/dataformat/jackson-dataformat-yaml/2.10.2/jackson-dataformat-yaml-2.10.2.jar:/home/mfgutierrez/.m2/repository/com/fasterxml/jackson/core/jackson-core/2.10.2/jackson-core-2.10.2.jar:/home/mfgutierrez/.m2/repository/org/springframework/boot/spring-boot-devtools/2.2.3.RELEASE/spring-boot-devtools-2.2.3.RELEASE.jar:/home/mfgutierrez/.m2/repository/org/springframework/boot/spring-boot/2.2.3.RELEASE/spring-boot-2.2.3.RELEASE.jar:/home/mfgutierrez/.m2/repository/org/springframework/spring-context/5.2.3.RELEASE/spring-context-5.2.3.RELEASE.jar:/home/mfgutierrez/.m2/repository/org/springframework/boot/spring-boot-autoconfigure/2.2.3.RELEASE/spring-boot-autoconfigure-2.2.3.RELEASE.jar:/home/mfgutierrez/.m2/repository/org/springframework/boot/spring-boot-starter-test/2.2.3.RELEASE/spring-boot-starter-test-2.2.3.RELEASE.jar:/home/mfgutierrez/.m2/repository/org/springframework/boot/spring-boot-starter/2.2.3.RELEASE/spring-boot-starter-2.2.3.RELEASE.jar:/home/mfgutierrez/.m2/repository/org/springframework/boot/spring-boot-starter-logging/2.2.3.RELEASE/spring-boot-starter-logging-2.2.3.RELEASE.jar:/home/mfgutierrez/.m2/repository/ch/qos/logback/logback-classic/1.2.3/logback-classic-1.2.3.jar:/home/mfgutierrez/.m2/repository/ch/qos/logback/logback-core/1.2.3/logback-core-1.2.3.jar:/home/mfgutierrez/.m2/repository/org/apache/logging/log4j/log4j-to-slf4j/2.12.1/log4j-to-slf4j-2.12.1.jar:/home/mfgutierrez/.m2/repository/org/apache/logging/log4j/log4j-api/2.12.1/log4j-api-2.12.1.jar:/home/mfgutierrez/.m2/repository/org/slf4j/jul-to-slf4j/1.7.30/jul-to-slf4j-1.7.30.jar:/home/mfgutierrez/.m2/repository/jakarta/annotation/jakarta.annotation-api/1.3.5/jakarta.annotation-api-1.3.5.jar:/home/mfgutierrez/.m2/repository/org/springframework/boot/spring-boot-test/2.2.3.RELEASE/spring-boot-test-2.2.3.RELEASE.jar:/home/mfgutierrez/.m2/repository/org/springframework/boot/spring-boot-test-autoconfigure/2.2.3.RELEASE/spring-boot-test-autoconfigure-2.2.3.RELEASE.jar:/home/mfgutierrez/.m2/repository/com/jayway/jsonpath/json-path/2.4.0/json-path-2.4.0.jar:/home/mfgutierrez/.m2/repository/net/minidev/json-smart/2.3/json-smart-2.3.jar:/home/mfgutierrez/.m2/repository/net/minidev/accessors-smart/1.2/accessors-smart-1.2.jar:/home/mfgutierrez/.m2/repository/org/ow2/asm/asm/5.0.4/asm-5.0.4.jar:/home/mfgutierrez/.m2/repository/jakarta/xml/bind/jakarta.xml.bind-api/2.3.2/jakarta.xml.bind-api-2.3.2.jar:/home/mfgutierrez/.m2/repository/jakarta/activation/jakarta.activation-api/1.2.1/jakarta.activation-api-1.2.1.jar:/home/mfgutierrez/.m2/repository/org/junit/jupiter/junit-jupiter/5.5.2/junit-jupiter-5.5.2.jar:/home/mfgutierrez/.m2/repository/org/junit/jupiter/junit-jupiter-api/5.5.2/junit-jupiter-api-5.5.2.jar:/home/mfgutierrez/.m2/repository/org/apiguardian/apiguardian-api/1.1.0/apiguardian-api-1.1.0.jar:/home/mfgutierrez/.m2/repository/org/opentest4j/opentest4j/1.2.0/opentest4j-1.2.0.jar:/home/mfgutierrez/.m2/repository/org/junit/platform/junit-platform-commons/1.5.2/junit-platform-commons-1.5.2.jar:/home/mfgutierrez/.m2/repository/org/junit/jupiter/junit-jupiter-params/5.5.2/junit-jupiter-params-5.5.2.jar:/home/mfgutierrez/.m2/repository/org/junit/jupiter/junit-jupiter-engine/5.5.2/junit-jupiter-engine-5.5.2.jar:/home/mfgutierrez/.m2/repository/org/junit/platform/junit-platform-engine/1.5.2/junit-platform-engine-1.5.2.jar:/home/mfgutierrez/.m2/repository/org/mockito/mockito-junit-jupiter/3.1.0/mockito-junit-jupiter-3.1.0.jar:/home/mfgutierrez/.m2/repository/org/assertj/assertj-core/3.13.2/assertj-core-3.13.2.jar:/home/mfgutierrez/.m2/repository/org/hamcrest/hamcrest/2.1/hamcrest-2.1.jar:/home/mfgutierrez/.m2/repository/org/mockito/mockito-core/3.1.0/mockito-core-3.1.0.jar:/home/mfgutierrez/.m2/repository/net/bytebuddy/byte-buddy/1.10.6/byte-buddy-1.10.6.jar:/home/mfgutierrez/.m2/repository/net/bytebuddy/byte-buddy-agent/1.10.6/byte-buddy-agent-1.10.6.jar:/home/mfgutierrez/.m2/repository/org/objenesis/objenesis/2.6/objenesis-2.6.jar:/home/mfgutierrez/.m2/repository/org/skyscreamer/jsonassert/1.5.0/jsonassert-1.5.0.jar:/home/mfgutierrez/.m2/repository/com/vaadin/external/google/android-json/0.0.20131108.vaadin1/android-json-0.0.20131108.vaadin1.jar:/home/mfgutierrez/.m2/repository/org/springframework/spring-core/5.2.3.RELEASE/spring-core-5.2.3.RELEASE.jar:/home/mfgutierrez/.m2/repository/org/springframework/spring-jcl/5.2.3.RELEASE/spring-jcl-5.2.3.RELEASE.jar:/home/mfgutierrez/.m2/repository/org/springframework/spring-test/5.2.3.RELEASE/spring-test-5.2.3.RELEASE.jar:/home/mfgutierrez/.m2/repository/org/xmlunit/xmlunit-core/2.6.3/xmlunit-core-2.6.3.jar:"/>
    <property name="sun.cpu.endian" value="little"/>
    <property name="user.home" value="/home/mfgutierrez"/>
    <property name="user.language" value="en"/>
    <property name="java.specification.vendor" value="Oracle Corporation"/>
    <property name="java.home" value="/home/mfgutierrez/Desarrollo/Java/jdk1.8.0_221/jre"/>
    <property name="basedir" value="/home/mfgutierrez/Documents/SpringAPP/springboot-servicio-config-server"/>
    <property name="style.color" value="always"/>
    <property name="file.separator" value="/"/>
    <property name="line.separator" value="&#10;"/>
    <property name="java.vm.specification.vendor" value="Oracle Corporation"/>
    <property name="java.specification.name" value="Java Platform API Specification"/>
    <property name="java.awt.graphicsenv" value="sun.awt.X11GraphicsEnvironment"/>
    <property name="surefire.real.class.path" value="/home/mfgutierrez/Documents/SpringAPP/springboot-servicio-config-server/target/surefire/surefirebooter7520055899670911006.jar"/>
    <property name="sun.boot.class.path" value="/home/mfgutierrez/Desarrollo/Java/jdk1.8.0_221/jre/lib/resources.jar:/home/mfgutierrez/Desarrollo/Java/jdk1.8.0_221/jre/lib/rt.jar:/home/mfgutierrez/Desarrollo/Java/jdk1.8.0_221/jre/lib/sunrsasign.jar:/home/mfgutierrez/Desarrollo/Java/jdk1.8.0_221/jre/lib/jsse.jar:/home/mfgutierrez/Desarrollo/Java/jdk1.8.0_221/jre/lib/jce.jar:/home/mfgutierrez/Desarrollo/Java/jdk1.8.0_221/jre/lib/charsets.jar:/home/mfgutierrez/Desarrollo/Java/jdk1.8.0_221/jre/lib/jfr.jar:/home/mfgutierrez/Desarrollo/Java/jdk1.8.0_221/jre/classes"/>
    <property name="sun.management.compiler" value="HotSpot 64-Bit Tiered Compilers"/>
    <property name="java.runtime.version" value="1.8.0_221-b11"/>
    <property name="user.name" value="mfgutierrez"/>
    <property name="path.separator" value=":"/>
    <property name="os.version" value="4.19.0-6-amd64"/>
    <property name="java.endorsed.dirs" value="/home/mfgutierrez/Desarrollo/Java/jdk1.8.0_221/jre/lib/endorsed"/>
    <property name="java.runtime.name" value="Java(TM) SE Runtime Environment"/>
    <property name="file.encoding" value="UTF-8"/>
    <property name="java.vm.name" value="Java HotSpot(TM) 64-Bit Server VM"/>
    <property name="localRepository" value="/home/mfgutierrez/.m2/repository"/>
    <property name="java.vendor.url.bug" value="http://bugreport.sun.com/bugreport/"/>
    <property name="java.io.tmpdir" value="/tmp"/>
    <property name="java.version" value="1.8.0_221"/>
    <property name="user.dir" value="/home/mfgutierrez/Documents/SpringAPP/springboot-servicio-config-server"/>
    <property name="os.arch" value="amd64"/>
    <property name="java.vm.specification.name" value="Java Virtual Machine Specification"/>
    <property name="java.awt.printerjob" value="sun.print.PSPrinterJob"/>
    <property name="sun.os.patch.level" value="unknown"/>
    <property name="java.library.path" value="/usr/java/packages/lib/amd64:/usr/lib64:/lib64:/lib:/usr/lib"/>
    <property name="java.vm.info" value="mixed mode"/>
    <property name="java.vendor" value="Oracle Corporation"/>
    <property name="java.vm.version" value="25.221-b11"/>
    <property name="java.ext.dirs" value="/home/mfgutierrez/Desarrollo/Java/jdk1.8.0_221/jre/lib/ext:/usr/java/packages/lib/ext"/>
    <property name="sun.io.unicode.encoding" value="UnicodeLittle"/>
    <property name="java.class.version" value="52.0"/>
  </properties>
  <testcase name="contextLoads" classname="com.proyecto.springboot.app.config.SpringbootServicioConfigServerApplicationTests" time="0.139"/>
</testsuite>